<?xml version="1.0" encoding="UTF-8"?>
<!-- Generated by org.testng.reporters.JUnitReportReporter -->
<testsuite hostname="DESKTOP-5UV4F2D" failures="0" tests="5" name="test.TestShopping" time="12.732" errors="0" timestamp="7 Oct 2020 12:17:41 GMT">
  <testcase classname="test.TestShopping" name="addproducts" time="3.584"/>
  <testcase classname="test.TestShopping" name="addinfo" time="3.487"/>
  <testcase classname="test.TestShopping" name="finishorder" time="1.877"/>
  <testcase classname="test.TestShopping" name="Login" time="3.694"/>
  <testcase classname="test.TestShopping" name="verifytotal" time="0.090"/>
</testsuite> <!-- test.TestShopping -->
