<?xml version="1.0" encoding="UTF-8"?>
<!-- Generated by org.testng.reporters.JUnitReportReporter -->
<testsuite hostname="DESKTOP-5UV4F2D" failures="0" tests="5" name="test.TestShopping" time="11.082" errors="0" timestamp="5 Oct 2020 07:19:52 GMT">
  <testcase classname="test.TestShopping" name="addproducts" time="3.254"/>
  <testcase classname="test.TestShopping" name="addinfo" time="2.972"/>
  <testcase classname="test.TestShopping" name="finishorder" time="1.399"/>
  <testcase classname="test.TestShopping" name="Login" time="3.376"/>
  <testcase classname="test.TestShopping" name="verifytotal" time="0.081"/>
</testsuite> <!-- test.TestShopping -->
