<?xml version="1.0" encoding="UTF-8"?>
<!-- Generated by org.testng.reporters.JUnitReportReporter -->
<testsuite hostname="DESKTOP-5UV4F2D" failures="0" tests="5" name="test.TestShopping" time="19.672" errors="0" timestamp="11 Oct 2020 20:41:11 GMT">
  <testcase classname="test.TestShopping" name="addproducts" time="6.590"/>
  <testcase classname="test.TestShopping" name="verifytotal" time="0.070"/>
  <testcase classname="test.TestShopping" name="addinfo" time="6.079"/>
  <testcase classname="test.TestShopping" name="Login" time="4.766"/>
  <testcase classname="test.TestShopping" name="finishorder" time="2.167"/>
</testsuite> <!-- test.TestShopping -->
