<?xml version="1.0" encoding="UTF-8"?>
<!-- Generated by org.testng.reporters.JUnitReportReporter -->
<testsuite hostname="DESKTOP-5UV4F2D" failures="0" tests="5" name="test.TestShopping" time="18.344" errors="0" timestamp="12 Oct 2020 13:39:40 GMT">
  <testcase classname="test.TestShopping" name="verifytotal" time="0.068"/>
  <testcase classname="test.TestShopping" name="addinfo" time="5.969"/>
  <testcase classname="test.TestShopping" name="finishorder" time="1.134"/>
  <testcase classname="test.TestShopping" name="addproducts" time="7.040"/>
  <testcase classname="test.TestShopping" name="Login" time="4.133"/>
</testsuite> <!-- test.TestShopping -->
