<?xml version="1.0" encoding="UTF-8"?>
<!-- Generated by org.testng.reporters.JUnitReportReporter -->
<testsuite hostname="DESKTOP-5UV4F2D" failures="0" tests="5" name="test.TestShopping" time="0.001" errors="5" timestamp="11 Oct 2020 20:15:16 GMT">
  <testcase classname="test.TestShopping" name="addinfo" time="0.000">
    <error message="Could not start a new session. Possible causes are invalid address of the remote server or browser start-up failure.
Build info: version: &#039;4.0.0-alpha-6&#039;, revision: &#039;5f43a29cfc&#039;
System info: host: &#039;DESKTOP-5UV4F2D&#039;, ip: &#039;192.168.0.105&#039;, os.name: &#039;Windows 10&#039;, os.arch: &#039;amd64&#039;, os.version: &#039;10.0&#039;, java.version: &#039;11&#039;
Driver info: driver.version: RemoteWebDriver" type="org.openqa.selenium.remote.UnreachableBrowserException">
      <![CDATA[org.openqa.selenium.remote.UnreachableBrowserException: Could not start a new session. Possible causes are invalid address of the remote server or browser start-up failure.
Build info: version: '4.0.0-alpha-6', revision: '5f43a29cfc'
System info: host: 'DESKTOP-5UV4F2D', ip: '192.168.0.105', os.name: 'Windows 10', os.arch: 'amd64', os.version: '10.0', java.version: '11'
Driver info: driver.version: RemoteWebDriver
	at org.openqa.selenium.remote.RemoteWebDriver.execute(RemoteWebDriver.java:603)
	at org.openqa.selenium.remote.RemoteWebDriver.startSession(RemoteWebDriver.java:216)
	at org.openqa.selenium.remote.RemoteWebDriver.<init>(RemoteWebDriver.java:136)
	at org.openqa.selenium.remote.RemoteWebDriver.<init>(RemoteWebDriver.java:149)
	at test.TestShopping.setup(TestShopping.java:39)
	at java.base/jdk.internal.reflect.NativeMethodAccessorImpl.invoke0(Native Method)
	at java.base/jdk.internal.reflect.NativeMethodAccessorImpl.invoke(NativeMethodAccessorImpl.java:62)
	at java.base/jdk.internal.reflect.DelegatingMethodAccessorImpl.invoke(DelegatingMethodAccessorImpl.java:43)
	at java.base/java.lang.reflect.Method.invoke(Method.java:566)
	at org.testng.internal.MethodInvocationHelper.invokeMethod(MethodInvocationHelper.java:86)
	at org.testng.internal.Invoker.invokeConfigurationMethod(Invoker.java:514)
	at org.testng.internal.Invoker.invokeConfigurations(Invoker.java:215)
	at org.testng.internal.Invoker.invokeConfigurations(Invoker.java:142)
	at org.testng.TestRunner.beforeRun(TestRunner.java:656)
	at org.testng.TestRunner.run(TestRunner.java:624)
	at org.testng.SuiteRunner.runTest(SuiteRunner.java:366)
	at org.testng.SuiteRunner.runSequentially(SuiteRunner.java:361)
	at org.testng.SuiteRunner.privateRun(SuiteRunner.java:319)
	at org.testng.SuiteRunner.run(SuiteRunner.java:268)
	at org.testng.SuiteRunnerWorker.runSuite(SuiteRunnerWorker.java:52)
	at org.testng.SuiteRunnerWorker.run(SuiteRunnerWorker.java:86)
	at org.testng.TestNG.runSuitesSequentially(TestNG.java:1244)
	at org.testng.TestNG.runSuitesLocally(TestNG.java:1169)
	at org.testng.TestNG.run(TestNG.java:1064)
	at org.apache.maven.surefire.testng.TestNGExecutor.run(TestNGExecutor.java:217)
	at org.apache.maven.surefire.testng.TestNGXmlTestSuite.execute(TestNGXmlTestSuite.java:84)
	at org.apache.maven.surefire.testng.TestNGProvider.invoke(TestNGProvider.java:92)
	at org.apache.maven.surefire.booter.ForkedBooter.invokeProviderInSameClassLoader(ForkedBooter.java:200)
	at org.apache.maven.surefire.booter.ForkedBooter.runSuitesInProcess(ForkedBooter.java:153)
	at org.apache.maven.surefire.booter.ForkedBooter.main(ForkedBooter.java:103)
Caused by: java.io.UncheckedIOException: java.net.UnknownHostException: No such host is known (hub)
	at org.openqa.selenium.remote.http.netty.NettyHttpHandler.makeCall(NettyHttpHandler.java:69)
	at org.openqa.selenium.remote.http.AddSeleniumUserAgent.lambda$apply$0(AddSeleniumUserAgent.java:42)
	at org.openqa.selenium.remote.http.Filter.lambda$andFinally$1(Filter.java:56)
	at org.openqa.selenium.remote.http.netty.NettyHttpHandler.execute(NettyHttpHandler.java:47)
	at org.openqa.selenium.remote.http.AddSeleniumUserAgent.lambda$apply$0(AddSeleniumUserAgent.java:42)
	at org.openqa.selenium.remote.http.Filter.lambda$andFinally$1(Filter.java:56)
	at org.openqa.selenium.remote.http.netty.NettyClient.execute(NettyClient.java:55)
	at org.openqa.selenium.remote.ProtocolHandshake.createSession(ProtocolHandshake.java:105)
	at org.openqa.selenium.remote.ProtocolHandshake.createSession(ProtocolHandshake.java:75)
	at org.openqa.selenium.remote.HttpCommandExecutor.execute(HttpCommandExecutor.java:138)
	at org.openqa.selenium.remote.RemoteWebDriver.execute(RemoteWebDriver.java:582)
	... 29 more
Caused by: java.net.UnknownHostException: No such host is known (hub)
	at java.base/java.net.Inet6AddressImpl.lookupAllHostAddr(Native Method)
	at java.base/java.net.InetAddress$PlatformNameService.lookupAllHostAddr(InetAddress.java:928)
	at java.base/java.net.InetAddress.getAddressesFromNameService(InetAddress.java:1514)
	at java.base/java.net.InetAddress$NameServiceAddresses.get(InetAddress.java:847)
	at java.base/java.net.InetAddress.getAllByName0(InetAddress.java:1504)
	at java.base/java.net.InetAddress.getAllByName(InetAddress.java:1363)
	at java.base/java.net.InetAddress.getAllByName(InetAddress.java:1297)
	at io.netty.util.internal.SocketUtils$9.run(SocketUtils.java:169)
	at io.netty.util.internal.SocketUtils$9.run(SocketUtils.java:166)
	at java.base/java.security.AccessController.doPrivileged(Native Method)
	at io.netty.util.internal.SocketUtils.allAddressesByName(SocketUtils.java:166)
	at io.netty.resolver.DefaultNameResolver.doResolveAll(DefaultNameResolver.java:50)
	at io.netty.resolver.SimpleNameResolver.resolveAll(SimpleNameResolver.java:79)
	at io.netty.resolver.SimpleNameResolver.resolveAll(SimpleNameResolver.java:71)
	at org.asynchttpclient.resolver.RequestHostnameResolver.resolve(RequestHostnameResolver.java:50)
	at org.asynchttpclient.netty.request.NettyRequestSender.resolveAddresses(NettyRequestSender.java:357)
	at org.asynchttpclient.netty.request.NettyRequestSender.sendRequestWithNewChannel(NettyRequestSender.java:300)
	at org.asynchttpclient.netty.request.NettyRequestSender.sendRequestWithCertainForceConnect(NettyRequestSender.java:142)
	at org.asynchttpclient.netty.request.NettyRequestSender.sendRequest(NettyRequestSender.java:113)
	at org.asynchttpclient.DefaultAsyncHttpClient.execute(DefaultAsyncHttpClient.java:259)
	at org.asynchttpclient.DefaultAsyncHttpClient.executeRequest(DefaultAsyncHttpClient.java:228)
	at org.asynchttpclient.DefaultAsyncHttpClient.executeRequest(DefaultAsyncHttpClient.java:249)
	at org.openqa.selenium.remote.http.netty.NettyHttpHandler.makeCall(NettyHttpHandler.java:53)
	... 39 more
]]>
    </error>
  </testcase> <!-- addinfo -->
  <testcase classname="test.TestShopping" name="Login" time="0.001">
    <error message="Could not start a new session. Possible causes are invalid address of the remote server or browser start-up failure.
Build info: version: &#039;4.0.0-alpha-6&#039;, revision: &#039;5f43a29cfc&#039;
System info: host: &#039;DESKTOP-5UV4F2D&#039;, ip: &#039;192.168.0.105&#039;, os.name: &#039;Windows 10&#039;, os.arch: &#039;amd64&#039;, os.version: &#039;10.0&#039;, java.version: &#039;11&#039;
Driver info: driver.version: RemoteWebDriver" type="org.openqa.selenium.remote.UnreachableBrowserException">
      <![CDATA[org.openqa.selenium.remote.UnreachableBrowserException: Could not start a new session. Possible causes are invalid address of the remote server or browser start-up failure.
Build info: version: '4.0.0-alpha-6', revision: '5f43a29cfc'
System info: host: 'DESKTOP-5UV4F2D', ip: '192.168.0.105', os.name: 'Windows 10', os.arch: 'amd64', os.version: '10.0', java.version: '11'
Driver info: driver.version: RemoteWebDriver
	at org.openqa.selenium.remote.RemoteWebDriver.execute(RemoteWebDriver.java:603)
	at org.openqa.selenium.remote.RemoteWebDriver.startSession(RemoteWebDriver.java:216)
	at org.openqa.selenium.remote.RemoteWebDriver.<init>(RemoteWebDriver.java:136)
	at org.openqa.selenium.remote.RemoteWebDriver.<init>(RemoteWebDriver.java:149)
	at test.TestShopping.setup(TestShopping.java:39)
	at java.base/jdk.internal.reflect.NativeMethodAccessorImpl.invoke0(Native Method)
	at java.base/jdk.internal.reflect.NativeMethodAccessorImpl.invoke(NativeMethodAccessorImpl.java:62)
	at java.base/jdk.internal.reflect.DelegatingMethodAccessorImpl.invoke(DelegatingMethodAccessorImpl.java:43)
	at java.base/java.lang.reflect.Method.invoke(Method.java:566)
	at org.testng.internal.MethodInvocationHelper.invokeMethod(MethodInvocationHelper.java:86)
	at org.testng.internal.Invoker.invokeConfigurationMethod(Invoker.java:514)
	at org.testng.internal.Invoker.invokeConfigurations(Invoker.java:215)
	at org.testng.internal.Invoker.invokeConfigurations(Invoker.java:142)
	at org.testng.TestRunner.beforeRun(TestRunner.java:656)
	at org.testng.TestRunner.run(TestRunner.java:624)
	at org.testng.SuiteRunner.runTest(SuiteRunner.java:366)
	at org.testng.SuiteRunner.runSequentially(SuiteRunner.java:361)
	at org.testng.SuiteRunner.privateRun(SuiteRunner.java:319)
	at org.testng.SuiteRunner.run(SuiteRunner.java:268)
	at org.testng.SuiteRunnerWorker.runSuite(SuiteRunnerWorker.java:52)
	at org.testng.SuiteRunnerWorker.run(SuiteRunnerWorker.java:86)
	at org.testng.TestNG.runSuitesSequentially(TestNG.java:1244)
	at org.testng.TestNG.runSuitesLocally(TestNG.java:1169)
	at org.testng.TestNG.run(TestNG.java:1064)
	at org.apache.maven.surefire.testng.TestNGExecutor.run(TestNGExecutor.java:217)
	at org.apache.maven.surefire.testng.TestNGXmlTestSuite.execute(TestNGXmlTestSuite.java:84)
	at org.apache.maven.surefire.testng.TestNGProvider.invoke(TestNGProvider.java:92)
	at org.apache.maven.surefire.booter.ForkedBooter.invokeProviderInSameClassLoader(ForkedBooter.java:200)
	at org.apache.maven.surefire.booter.ForkedBooter.runSuitesInProcess(ForkedBooter.java:153)
	at org.apache.maven.surefire.booter.ForkedBooter.main(ForkedBooter.java:103)
Caused by: java.io.UncheckedIOException: java.net.UnknownHostException: No such host is known (hub)
	at org.openqa.selenium.remote.http.netty.NettyHttpHandler.makeCall(NettyHttpHandler.java:69)
	at org.openqa.selenium.remote.http.AddSeleniumUserAgent.lambda$apply$0(AddSeleniumUserAgent.java:42)
	at org.openqa.selenium.remote.http.Filter.lambda$andFinally$1(Filter.java:56)
	at org.openqa.selenium.remote.http.netty.NettyHttpHandler.execute(NettyHttpHandler.java:47)
	at org.openqa.selenium.remote.http.AddSeleniumUserAgent.lambda$apply$0(AddSeleniumUserAgent.java:42)
	at org.openqa.selenium.remote.http.Filter.lambda$andFinally$1(Filter.java:56)
	at org.openqa.selenium.remote.http.netty.NettyClient.execute(NettyClient.java:55)
	at org.openqa.selenium.remote.ProtocolHandshake.createSession(ProtocolHandshake.java:105)
	at org.openqa.selenium.remote.ProtocolHandshake.createSession(ProtocolHandshake.java:75)
	at org.openqa.selenium.remote.HttpCommandExecutor.execute(HttpCommandExecutor.java:138)
	at org.openqa.selenium.remote.RemoteWebDriver.execute(RemoteWebDriver.java:582)
	... 29 more
Caused by: java.net.UnknownHostException: No such host is known (hub)
	at java.base/java.net.Inet6AddressImpl.lookupAllHostAddr(Native Method)
	at java.base/java.net.InetAddress$PlatformNameService.lookupAllHostAddr(InetAddress.java:928)
	at java.base/java.net.InetAddress.getAddressesFromNameService(InetAddress.java:1514)
	at java.base/java.net.InetAddress$NameServiceAddresses.get(InetAddress.java:847)
	at java.base/java.net.InetAddress.getAllByName0(InetAddress.java:1504)
	at java.base/java.net.InetAddress.getAllByName(InetAddress.java:1363)
	at java.base/java.net.InetAddress.getAllByName(InetAddress.java:1297)
	at io.netty.util.internal.SocketUtils$9.run(SocketUtils.java:169)
	at io.netty.util.internal.SocketUtils$9.run(SocketUtils.java:166)
	at java.base/java.security.AccessController.doPrivileged(Native Method)
	at io.netty.util.internal.SocketUtils.allAddressesByName(SocketUtils.java:166)
	at io.netty.resolver.DefaultNameResolver.doResolveAll(DefaultNameResolver.java:50)
	at io.netty.resolver.SimpleNameResolver.resolveAll(SimpleNameResolver.java:79)
	at io.netty.resolver.SimpleNameResolver.resolveAll(SimpleNameResolver.java:71)
	at org.asynchttpclient.resolver.RequestHostnameResolver.resolve(RequestHostnameResolver.java:50)
	at org.asynchttpclient.netty.request.NettyRequestSender.resolveAddresses(NettyRequestSender.java:357)
	at org.asynchttpclient.netty.request.NettyRequestSender.sendRequestWithNewChannel(NettyRequestSender.java:300)
	at org.asynchttpclient.netty.request.NettyRequestSender.sendRequestWithCertainForceConnect(NettyRequestSender.java:142)
	at org.asynchttpclient.netty.request.NettyRequestSender.sendRequest(NettyRequestSender.java:113)
	at org.asynchttpclient.DefaultAsyncHttpClient.execute(DefaultAsyncHttpClient.java:259)
	at org.asynchttpclient.DefaultAsyncHttpClient.executeRequest(DefaultAsyncHttpClient.java:228)
	at org.asynchttpclient.DefaultAsyncHttpClient.executeRequest(DefaultAsyncHttpClient.java:249)
	at org.openqa.selenium.remote.http.netty.NettyHttpHandler.makeCall(NettyHttpHandler.java:53)
	... 39 more
]]>
    </error>
  </testcase> <!-- Login -->
  <testcase classname="test.TestShopping" name="addproducts" time="0.000">
    <error message="Could not start a new session. Possible causes are invalid address of the remote server or browser start-up failure.
Build info: version: &#039;4.0.0-alpha-6&#039;, revision: &#039;5f43a29cfc&#039;
System info: host: &#039;DESKTOP-5UV4F2D&#039;, ip: &#039;192.168.0.105&#039;, os.name: &#039;Windows 10&#039;, os.arch: &#039;amd64&#039;, os.version: &#039;10.0&#039;, java.version: &#039;11&#039;
Driver info: driver.version: RemoteWebDriver" type="org.openqa.selenium.remote.UnreachableBrowserException">
      <![CDATA[org.openqa.selenium.remote.UnreachableBrowserException: Could not start a new session. Possible causes are invalid address of the remote server or browser start-up failure.
Build info: version: '4.0.0-alpha-6', revision: '5f43a29cfc'
System info: host: 'DESKTOP-5UV4F2D', ip: '192.168.0.105', os.name: 'Windows 10', os.arch: 'amd64', os.version: '10.0', java.version: '11'
Driver info: driver.version: RemoteWebDriver
	at org.openqa.selenium.remote.RemoteWebDriver.execute(RemoteWebDriver.java:603)
	at org.openqa.selenium.remote.RemoteWebDriver.startSession(RemoteWebDriver.java:216)
	at org.openqa.selenium.remote.RemoteWebDriver.<init>(RemoteWebDriver.java:136)
	at org.openqa.selenium.remote.RemoteWebDriver.<init>(RemoteWebDriver.java:149)
	at test.TestShopping.setup(TestShopping.java:39)
	at java.base/jdk.internal.reflect.NativeMethodAccessorImpl.invoke0(Native Method)
	at java.base/jdk.internal.reflect.NativeMethodAccessorImpl.invoke(NativeMethodAccessorImpl.java:62)
	at java.base/jdk.internal.reflect.DelegatingMethodAccessorImpl.invoke(DelegatingMethodAccessorImpl.java:43)
	at java.base/java.lang.reflect.Method.invoke(Method.java:566)
	at org.testng.internal.MethodInvocationHelper.invokeMethod(MethodInvocationHelper.java:86)
	at org.testng.internal.Invoker.invokeConfigurationMethod(Invoker.java:514)
	at org.testng.internal.Invoker.invokeConfigurations(Invoker.java:215)
	at org.testng.internal.Invoker.invokeConfigurations(Invoker.java:142)
	at org.testng.TestRunner.beforeRun(TestRunner.java:656)
	at org.testng.TestRunner.run(TestRunner.java:624)
	at org.testng.SuiteRunner.runTest(SuiteRunner.java:366)
	at org.testng.SuiteRunner.runSequentially(SuiteRunner.java:361)
	at org.testng.SuiteRunner.privateRun(SuiteRunner.java:319)
	at org.testng.SuiteRunner.run(SuiteRunner.java:268)
	at org.testng.SuiteRunnerWorker.runSuite(SuiteRunnerWorker.java:52)
	at org.testng.SuiteRunnerWorker.run(SuiteRunnerWorker.java:86)
	at org.testng.TestNG.runSuitesSequentially(TestNG.java:1244)
	at org.testng.TestNG.runSuitesLocally(TestNG.java:1169)
	at org.testng.TestNG.run(TestNG.java:1064)
	at org.apache.maven.surefire.testng.TestNGExecutor.run(TestNGExecutor.java:217)
	at org.apache.maven.surefire.testng.TestNGXmlTestSuite.execute(TestNGXmlTestSuite.java:84)
	at org.apache.maven.surefire.testng.TestNGProvider.invoke(TestNGProvider.java:92)
	at org.apache.maven.surefire.booter.ForkedBooter.invokeProviderInSameClassLoader(ForkedBooter.java:200)
	at org.apache.maven.surefire.booter.ForkedBooter.runSuitesInProcess(ForkedBooter.java:153)
	at org.apache.maven.surefire.booter.ForkedBooter.main(ForkedBooter.java:103)
Caused by: java.io.UncheckedIOException: java.net.UnknownHostException: No such host is known (hub)
	at org.openqa.selenium.remote.http.netty.NettyHttpHandler.makeCall(NettyHttpHandler.java:69)
	at org.openqa.selenium.remote.http.AddSeleniumUserAgent.lambda$apply$0(AddSeleniumUserAgent.java:42)
	at org.openqa.selenium.remote.http.Filter.lambda$andFinally$1(Filter.java:56)
	at org.openqa.selenium.remote.http.netty.NettyHttpHandler.execute(NettyHttpHandler.java:47)
	at org.openqa.selenium.remote.http.AddSeleniumUserAgent.lambda$apply$0(AddSeleniumUserAgent.java:42)
	at org.openqa.selenium.remote.http.Filter.lambda$andFinally$1(Filter.java:56)
	at org.openqa.selenium.remote.http.netty.NettyClient.execute(NettyClient.java:55)
	at org.openqa.selenium.remote.ProtocolHandshake.createSession(ProtocolHandshake.java:105)
	at org.openqa.selenium.remote.ProtocolHandshake.createSession(ProtocolHandshake.java:75)
	at org.openqa.selenium.remote.HttpCommandExecutor.execute(HttpCommandExecutor.java:138)
	at org.openqa.selenium.remote.RemoteWebDriver.execute(RemoteWebDriver.java:582)
	... 29 more
Caused by: java.net.UnknownHostException: No such host is known (hub)
	at java.base/java.net.Inet6AddressImpl.lookupAllHostAddr(Native Method)
	at java.base/java.net.InetAddress$PlatformNameService.lookupAllHostAddr(InetAddress.java:928)
	at java.base/java.net.InetAddress.getAddressesFromNameService(InetAddress.java:1514)
	at java.base/java.net.InetAddress$NameServiceAddresses.get(InetAddress.java:847)
	at java.base/java.net.InetAddress.getAllByName0(InetAddress.java:1504)
	at java.base/java.net.InetAddress.getAllByName(InetAddress.java:1363)
	at java.base/java.net.InetAddress.getAllByName(InetAddress.java:1297)
	at io.netty.util.internal.SocketUtils$9.run(SocketUtils.java:169)
	at io.netty.util.internal.SocketUtils$9.run(SocketUtils.java:166)
	at java.base/java.security.AccessController.doPrivileged(Native Method)
	at io.netty.util.internal.SocketUtils.allAddressesByName(SocketUtils.java:166)
	at io.netty.resolver.DefaultNameResolver.doResolveAll(DefaultNameResolver.java:50)
	at io.netty.resolver.SimpleNameResolver.resolveAll(SimpleNameResolver.java:79)
	at io.netty.resolver.SimpleNameResolver.resolveAll(SimpleNameResolver.java:71)
	at org.asynchttpclient.resolver.RequestHostnameResolver.resolve(RequestHostnameResolver.java:50)
	at org.asynchttpclient.netty.request.NettyRequestSender.resolveAddresses(NettyRequestSender.java:357)
	at org.asynchttpclient.netty.request.NettyRequestSender.sendRequestWithNewChannel(NettyRequestSender.java:300)
	at org.asynchttpclient.netty.request.NettyRequestSender.sendRequestWithCertainForceConnect(NettyRequestSender.java:142)
	at org.asynchttpclient.netty.request.NettyRequestSender.sendRequest(NettyRequestSender.java:113)
	at org.asynchttpclient.DefaultAsyncHttpClient.execute(DefaultAsyncHttpClient.java:259)
	at org.asynchttpclient.DefaultAsyncHttpClient.executeRequest(DefaultAsyncHttpClient.java:228)
	at org.asynchttpclient.DefaultAsyncHttpClient.executeRequest(DefaultAsyncHttpClient.java:249)
	at org.openqa.selenium.remote.http.netty.NettyHttpHandler.makeCall(NettyHttpHandler.java:53)
	... 39 more
]]>
    </error>
  </testcase> <!-- addproducts -->
  <testcase classname="test.TestShopping" name="verifytotal" time="0.000">
    <error message="Could not start a new session. Possible causes are invalid address of the remote server or browser start-up failure.
Build info: version: &#039;4.0.0-alpha-6&#039;, revision: &#039;5f43a29cfc&#039;
System info: host: &#039;DESKTOP-5UV4F2D&#039;, ip: &#039;192.168.0.105&#039;, os.name: &#039;Windows 10&#039;, os.arch: &#039;amd64&#039;, os.version: &#039;10.0&#039;, java.version: &#039;11&#039;
Driver info: driver.version: RemoteWebDriver" type="org.openqa.selenium.remote.UnreachableBrowserException">
      <![CDATA[org.openqa.selenium.remote.UnreachableBrowserException: Could not start a new session. Possible causes are invalid address of the remote server or browser start-up failure.
Build info: version: '4.0.0-alpha-6', revision: '5f43a29cfc'
System info: host: 'DESKTOP-5UV4F2D', ip: '192.168.0.105', os.name: 'Windows 10', os.arch: 'amd64', os.version: '10.0', java.version: '11'
Driver info: driver.version: RemoteWebDriver
	at org.openqa.selenium.remote.RemoteWebDriver.execute(RemoteWebDriver.java:603)
	at org.openqa.selenium.remote.RemoteWebDriver.startSession(RemoteWebDriver.java:216)
	at org.openqa.selenium.remote.RemoteWebDriver.<init>(RemoteWebDriver.java:136)
	at org.openqa.selenium.remote.RemoteWebDriver.<init>(RemoteWebDriver.java:149)
	at test.TestShopping.setup(TestShopping.java:39)
	at java.base/jdk.internal.reflect.NativeMethodAccessorImpl.invoke0(Native Method)
	at java.base/jdk.internal.reflect.NativeMethodAccessorImpl.invoke(NativeMethodAccessorImpl.java:62)
	at java.base/jdk.internal.reflect.DelegatingMethodAccessorImpl.invoke(DelegatingMethodAccessorImpl.java:43)
	at java.base/java.lang.reflect.Method.invoke(Method.java:566)
	at org.testng.internal.MethodInvocationHelper.invokeMethod(MethodInvocationHelper.java:86)
	at org.testng.internal.Invoker.invokeConfigurationMethod(Invoker.java:514)
	at org.testng.internal.Invoker.invokeConfigurations(Invoker.java:215)
	at org.testng.internal.Invoker.invokeConfigurations(Invoker.java:142)
	at org.testng.TestRunner.beforeRun(TestRunner.java:656)
	at org.testng.TestRunner.run(TestRunner.java:624)
	at org.testng.SuiteRunner.runTest(SuiteRunner.java:366)
	at org.testng.SuiteRunner.runSequentially(SuiteRunner.java:361)
	at org.testng.SuiteRunner.privateRun(SuiteRunner.java:319)
	at org.testng.SuiteRunner.run(SuiteRunner.java:268)
	at org.testng.SuiteRunnerWorker.runSuite(SuiteRunnerWorker.java:52)
	at org.testng.SuiteRunnerWorker.run(SuiteRunnerWorker.java:86)
	at org.testng.TestNG.runSuitesSequentially(TestNG.java:1244)
	at org.testng.TestNG.runSuitesLocally(TestNG.java:1169)
	at org.testng.TestNG.run(TestNG.java:1064)
	at org.apache.maven.surefire.testng.TestNGExecutor.run(TestNGExecutor.java:217)
	at org.apache.maven.surefire.testng.TestNGXmlTestSuite.execute(TestNGXmlTestSuite.java:84)
	at org.apache.maven.surefire.testng.TestNGProvider.invoke(TestNGProvider.java:92)
	at org.apache.maven.surefire.booter.ForkedBooter.invokeProviderInSameClassLoader(ForkedBooter.java:200)
	at org.apache.maven.surefire.booter.ForkedBooter.runSuitesInProcess(ForkedBooter.java:153)
	at org.apache.maven.surefire.booter.ForkedBooter.main(ForkedBooter.java:103)
Caused by: java.io.UncheckedIOException: java.net.UnknownHostException: No such host is known (hub)
	at org.openqa.selenium.remote.http.netty.NettyHttpHandler.makeCall(NettyHttpHandler.java:69)
	at org.openqa.selenium.remote.http.AddSeleniumUserAgent.lambda$apply$0(AddSeleniumUserAgent.java:42)
	at org.openqa.selenium.remote.http.Filter.lambda$andFinally$1(Filter.java:56)
	at org.openqa.selenium.remote.http.netty.NettyHttpHandler.execute(NettyHttpHandler.java:47)
	at org.openqa.selenium.remote.http.AddSeleniumUserAgent.lambda$apply$0(AddSeleniumUserAgent.java:42)
	at org.openqa.selenium.remote.http.Filter.lambda$andFinally$1(Filter.java:56)
	at org.openqa.selenium.remote.http.netty.NettyClient.execute(NettyClient.java:55)
	at org.openqa.selenium.remote.ProtocolHandshake.createSession(ProtocolHandshake.java:105)
	at org.openqa.selenium.remote.ProtocolHandshake.createSession(ProtocolHandshake.java:75)
	at org.openqa.selenium.remote.HttpCommandExecutor.execute(HttpCommandExecutor.java:138)
	at org.openqa.selenium.remote.RemoteWebDriver.execute(RemoteWebDriver.java:582)
	... 29 more
Caused by: java.net.UnknownHostException: No such host is known (hub)
	at java.base/java.net.Inet6AddressImpl.lookupAllHostAddr(Native Method)
	at java.base/java.net.InetAddress$PlatformNameService.lookupAllHostAddr(InetAddress.java:928)
	at java.base/java.net.InetAddress.getAddressesFromNameService(InetAddress.java:1514)
	at java.base/java.net.InetAddress$NameServiceAddresses.get(InetAddress.java:847)
	at java.base/java.net.InetAddress.getAllByName0(InetAddress.java:1504)
	at java.base/java.net.InetAddress.getAllByName(InetAddress.java:1363)
	at java.base/java.net.InetAddress.getAllByName(InetAddress.java:1297)
	at io.netty.util.internal.SocketUtils$9.run(SocketUtils.java:169)
	at io.netty.util.internal.SocketUtils$9.run(SocketUtils.java:166)
	at java.base/java.security.AccessController.doPrivileged(Native Method)
	at io.netty.util.internal.SocketUtils.allAddressesByName(SocketUtils.java:166)
	at io.netty.resolver.DefaultNameResolver.doResolveAll(DefaultNameResolver.java:50)
	at io.netty.resolver.SimpleNameResolver.resolveAll(SimpleNameResolver.java:79)
	at io.netty.resolver.SimpleNameResolver.resolveAll(SimpleNameResolver.java:71)
	at org.asynchttpclient.resolver.RequestHostnameResolver.resolve(RequestHostnameResolver.java:50)
	at org.asynchttpclient.netty.request.NettyRequestSender.resolveAddresses(NettyRequestSender.java:357)
	at org.asynchttpclient.netty.request.NettyRequestSender.sendRequestWithNewChannel(NettyRequestSender.java:300)
	at org.asynchttpclient.netty.request.NettyRequestSender.sendRequestWithCertainForceConnect(NettyRequestSender.java:142)
	at org.asynchttpclient.netty.request.NettyRequestSender.sendRequest(NettyRequestSender.java:113)
	at org.asynchttpclient.DefaultAsyncHttpClient.execute(DefaultAsyncHttpClient.java:259)
	at org.asynchttpclient.DefaultAsyncHttpClient.executeRequest(DefaultAsyncHttpClient.java:228)
	at org.asynchttpclient.DefaultAsyncHttpClient.executeRequest(DefaultAsyncHttpClient.java:249)
	at org.openqa.selenium.remote.http.netty.NettyHttpHandler.makeCall(NettyHttpHandler.java:53)
	... 39 more
]]>
    </error>
  </testcase> <!-- verifytotal -->
  <testcase classname="test.TestShopping" name="finishorder" time="0.000">
    <error message="Could not start a new session. Possible causes are invalid address of the remote server or browser start-up failure.
Build info: version: &#039;4.0.0-alpha-6&#039;, revision: &#039;5f43a29cfc&#039;
System info: host: &#039;DESKTOP-5UV4F2D&#039;, ip: &#039;192.168.0.105&#039;, os.name: &#039;Windows 10&#039;, os.arch: &#039;amd64&#039;, os.version: &#039;10.0&#039;, java.version: &#039;11&#039;
Driver info: driver.version: RemoteWebDriver" type="org.openqa.selenium.remote.UnreachableBrowserException">
      <![CDATA[org.openqa.selenium.remote.UnreachableBrowserException: Could not start a new session. Possible causes are invalid address of the remote server or browser start-up failure.
Build info: version: '4.0.0-alpha-6', revision: '5f43a29cfc'
System info: host: 'DESKTOP-5UV4F2D', ip: '192.168.0.105', os.name: 'Windows 10', os.arch: 'amd64', os.version: '10.0', java.version: '11'
Driver info: driver.version: RemoteWebDriver
	at org.openqa.selenium.remote.RemoteWebDriver.execute(RemoteWebDriver.java:603)
	at org.openqa.selenium.remote.RemoteWebDriver.startSession(RemoteWebDriver.java:216)
	at org.openqa.selenium.remote.RemoteWebDriver.<init>(RemoteWebDriver.java:136)
	at org.openqa.selenium.remote.RemoteWebDriver.<init>(RemoteWebDriver.java:149)
	at test.TestShopping.setup(TestShopping.java:39)
	at java.base/jdk.internal.reflect.NativeMethodAccessorImpl.invoke0(Native Method)
	at java.base/jdk.internal.reflect.NativeMethodAccessorImpl.invoke(NativeMethodAccessorImpl.java:62)
	at java.base/jdk.internal.reflect.DelegatingMethodAccessorImpl.invoke(DelegatingMethodAccessorImpl.java:43)
	at java.base/java.lang.reflect.Method.invoke(Method.java:566)
	at org.testng.internal.MethodInvocationHelper.invokeMethod(MethodInvocationHelper.java:86)
	at org.testng.internal.Invoker.invokeConfigurationMethod(Invoker.java:514)
	at org.testng.internal.Invoker.invokeConfigurations(Invoker.java:215)
	at org.testng.internal.Invoker.invokeConfigurations(Invoker.java:142)
	at org.testng.TestRunner.beforeRun(TestRunner.java:656)
	at org.testng.TestRunner.run(TestRunner.java:624)
	at org.testng.SuiteRunner.runTest(SuiteRunner.java:366)
	at org.testng.SuiteRunner.runSequentially(SuiteRunner.java:361)
	at org.testng.SuiteRunner.privateRun(SuiteRunner.java:319)
	at org.testng.SuiteRunner.run(SuiteRunner.java:268)
	at org.testng.SuiteRunnerWorker.runSuite(SuiteRunnerWorker.java:52)
	at org.testng.SuiteRunnerWorker.run(SuiteRunnerWorker.java:86)
	at org.testng.TestNG.runSuitesSequentially(TestNG.java:1244)
	at org.testng.TestNG.runSuitesLocally(TestNG.java:1169)
	at org.testng.TestNG.run(TestNG.java:1064)
	at org.apache.maven.surefire.testng.TestNGExecutor.run(TestNGExecutor.java:217)
	at org.apache.maven.surefire.testng.TestNGXmlTestSuite.execute(TestNGXmlTestSuite.java:84)
	at org.apache.maven.surefire.testng.TestNGProvider.invoke(TestNGProvider.java:92)
	at org.apache.maven.surefire.booter.ForkedBooter.invokeProviderInSameClassLoader(ForkedBooter.java:200)
	at org.apache.maven.surefire.booter.ForkedBooter.runSuitesInProcess(ForkedBooter.java:153)
	at org.apache.maven.surefire.booter.ForkedBooter.main(ForkedBooter.java:103)
Caused by: java.io.UncheckedIOException: java.net.UnknownHostException: No such host is known (hub)
	at org.openqa.selenium.remote.http.netty.NettyHttpHandler.makeCall(NettyHttpHandler.java:69)
	at org.openqa.selenium.remote.http.AddSeleniumUserAgent.lambda$apply$0(AddSeleniumUserAgent.java:42)
	at org.openqa.selenium.remote.http.Filter.lambda$andFinally$1(Filter.java:56)
	at org.openqa.selenium.remote.http.netty.NettyHttpHandler.execute(NettyHttpHandler.java:47)
	at org.openqa.selenium.remote.http.AddSeleniumUserAgent.lambda$apply$0(AddSeleniumUserAgent.java:42)
	at org.openqa.selenium.remote.http.Filter.lambda$andFinally$1(Filter.java:56)
	at org.openqa.selenium.remote.http.netty.NettyClient.execute(NettyClient.java:55)
	at org.openqa.selenium.remote.ProtocolHandshake.createSession(ProtocolHandshake.java:105)
	at org.openqa.selenium.remote.ProtocolHandshake.createSession(ProtocolHandshake.java:75)
	at org.openqa.selenium.remote.HttpCommandExecutor.execute(HttpCommandExecutor.java:138)
	at org.openqa.selenium.remote.RemoteWebDriver.execute(RemoteWebDriver.java:582)
	... 29 more
Caused by: java.net.UnknownHostException: No such host is known (hub)
	at java.base/java.net.Inet6AddressImpl.lookupAllHostAddr(Native Method)
	at java.base/java.net.InetAddress$PlatformNameService.lookupAllHostAddr(InetAddress.java:928)
	at java.base/java.net.InetAddress.getAddressesFromNameService(InetAddress.java:1514)
	at java.base/java.net.InetAddress$NameServiceAddresses.get(InetAddress.java:847)
	at java.base/java.net.InetAddress.getAllByName0(InetAddress.java:1504)
	at java.base/java.net.InetAddress.getAllByName(InetAddress.java:1363)
	at java.base/java.net.InetAddress.getAllByName(InetAddress.java:1297)
	at io.netty.util.internal.SocketUtils$9.run(SocketUtils.java:169)
	at io.netty.util.internal.SocketUtils$9.run(SocketUtils.java:166)
	at java.base/java.security.AccessController.doPrivileged(Native Method)
	at io.netty.util.internal.SocketUtils.allAddressesByName(SocketUtils.java:166)
	at io.netty.resolver.DefaultNameResolver.doResolveAll(DefaultNameResolver.java:50)
	at io.netty.resolver.SimpleNameResolver.resolveAll(SimpleNameResolver.java:79)
	at io.netty.resolver.SimpleNameResolver.resolveAll(SimpleNameResolver.java:71)
	at org.asynchttpclient.resolver.RequestHostnameResolver.resolve(RequestHostnameResolver.java:50)
	at org.asynchttpclient.netty.request.NettyRequestSender.resolveAddresses(NettyRequestSender.java:357)
	at org.asynchttpclient.netty.request.NettyRequestSender.sendRequestWithNewChannel(NettyRequestSender.java:300)
	at org.asynchttpclient.netty.request.NettyRequestSender.sendRequestWithCertainForceConnect(NettyRequestSender.java:142)
	at org.asynchttpclient.netty.request.NettyRequestSender.sendRequest(NettyRequestSender.java:113)
	at org.asynchttpclient.DefaultAsyncHttpClient.execute(DefaultAsyncHttpClient.java:259)
	at org.asynchttpclient.DefaultAsyncHttpClient.executeRequest(DefaultAsyncHttpClient.java:228)
	at org.asynchttpclient.DefaultAsyncHttpClient.executeRequest(DefaultAsyncHttpClient.java:249)
	at org.openqa.selenium.remote.http.netty.NettyHttpHandler.makeCall(NettyHttpHandler.java:53)
	... 39 more
]]>
    </error>
  </testcase> <!-- finishorder -->
</testsuite> <!-- test.TestShopping -->
