<?xml version="1.0" encoding="UTF-8"?>
<!-- Generated by org.testng.reporters.JUnitReportReporter -->
<testsuite hostname="DESKTOP-5UV4F2D" failures="0" tests="5" name="test.TestShopping" time="10.223" errors="0" timestamp="5 Oct 2020 08:45:22 GMT">
  <testcase classname="test.TestShopping" name="Login" time="2.805"/>
  <testcase classname="test.TestShopping" name="addinfo" time="2.898"/>
  <testcase classname="test.TestShopping" name="finishorder" time="1.220"/>
  <testcase classname="test.TestShopping" name="verifytotal" time="0.081"/>
  <testcase classname="test.TestShopping" name="addproducts" time="3.219"/>
</testsuite> <!-- test.TestShopping -->
